\BOOKMARK [1][]{section.1}{\376\377\116\000\060\001\000\040\225\356\230\230\221\315\217\360}{}% 1
\BOOKMARK [2][]{subsection.1.1}{\376\377\0001\000.\0001\000\040\225\356\230\230\200\314\146\157}{section.1}% 2
\BOOKMARK [2][]{subsection.1.2}{\376\377\0001\000.\0002\000\040\225\356\230\230\211\201\154\102}{section.1}% 3
\BOOKMARK [1][]{section.2}{\376\377\116\214\060\001\000\040\225\356\230\230\122\006\147\220}{}% 4
\BOOKMARK [2][]{subsection.2.1}{\376\377\0002\000.\0001\000\040\225\356\230\230\116\000\122\006\147\220}{section.2}% 5
\BOOKMARK [2][]{subsection.2.2}{\376\377\0002\000.\0002\000\040\225\356\230\230\116\214\122\006\147\220}{section.2}% 6
\BOOKMARK [2][]{subsection.2.3}{\376\377\0002\000.\0003\000\040\225\356\230\230\116\011\122\006\147\220}{section.2}% 7
\BOOKMARK [2][]{subsection.2.4}{\376\377\0002\000.\0004\000\040\225\356\230\230\126\333\122\006\147\220}{section.2}% 8
\BOOKMARK [1][]{section.3}{\376\377\116\011\060\001\000\040\152\041\127\213\120\107\213\276}{}% 9
\BOOKMARK [1][]{section.4}{\376\377\126\333\060\001\000\040\173\046\123\367\213\364\146\016}{}% 10
\BOOKMARK [1][]{section.5}{\376\377\116\224\060\001\000\040\152\041\127\213\166\204\136\372\172\313\124\214\154\102\211\343}{}% 11
\BOOKMARK [2][]{subsection.5.1}{\376\377\0005\000.\0001\000\040\160\211\121\205\156\051\136\246\226\217\117\115\177\156\166\204\123\330\123\026}{section.5}% 12
\BOOKMARK [2][]{subsection.5.2}{\376\377\0005\000.\0002\000\040\165\065\215\357\147\177\116\012\116\000\176\364\160\355\117\040\133\374\152\041\127\213\166\204\136\372\172\313}{section.5}% 13
\BOOKMARK [2][]{subsection.5.3}{\376\377\0005\000.\0003\000\040\147\011\226\120\135\356\122\006\154\325\154\102\211\343\160\355\145\271\172\013}{section.5}% 14
\BOOKMARK [2][]{subsection.5.4}{\376\377\0005\000.\0004\000\040\152\041\127\213\147\052\167\345\123\302\145\160\166\204\170\156\133\232}{section.5}% 15
\BOOKMARK [2][]{subsection.5.5}{\376\377\0005\000.\0005\000\040\225\356\230\230\116\000\166\204\154\102\211\343}{section.5}% 16
\BOOKMARK [2][]{subsection.5.6}{\376\377\0005\000.\0006\000\040\225\356\230\230\116\214\152\041\127\213\166\204\136\372\172\313}{section.5}% 17
\BOOKMARK [2][]{subsection.5.7}{\376\377\0005\000.\0007\000\040\123\330\203\003\126\364\144\034\175\042\173\126\165\145}{section.5}% 18
\BOOKMARK [2][]{subsection.5.8}{\376\377\0005\000.\0008\000\040\225\356\230\230\0003\152\041\127\213\166\204\136\372\172\313}{section.5}% 19
\BOOKMARK [2][]{subsection.5.9}{\376\377\0005\000.\0009\000\040\220\127\117\040\173\227\154\325\154\102\211\343\225\356\230\230\0003\123\125\166\356\150\007\211\304\122\022}{section.5}% 20
\BOOKMARK [2][]{subsection.5.10}{\376\377\0005\000.\0001\0000\000\040\225\356\230\230\0004\152\041\127\213\166\204\136\372\172\313}{section.5}% 21
\BOOKMARK [2][]{subsection.5.11}{\376\377\0005\000.\0001\0001\000\040\122\006\134\102\136\217\122\027\154\325}{section.5}% 22
\BOOKMARK [2][]{subsection.5.12}{\376\377\0005\000.\0001\0002\000\040\117\177\165\050\176\323\124\010\122\006\134\102\136\217\122\027\154\325\166\204\220\127\117\040\173\227\154\325\154\102\211\343\225\356\230\230\0004}{section.5}% 23
\BOOKMARK [2][]{subsection.5.13}{\376\377\0005\000.\0001\0003\000\040\225\356\230\230\0004\154\102\211\343\176\323\147\234}{section.5}% 24
\BOOKMARK [1][]{section.6}{\376\377\121\155\060\001\000\040\160\165\145\117\140\047\122\006\147\220}{}% 25
\BOOKMARK [1][]{section.7}{\376\377\116\003\060\001\000\040\152\041\127\213\166\204\213\304\116\367}{}% 26
\BOOKMARK [2][]{subsection.7.1}{\376\377\0007\000.\0001\000\040\152\041\127\213\166\204\117\030\160\271}{section.7}% 27
\BOOKMARK [2][]{subsection.7.2}{\376\377\0007\000.\0002\000\040\152\041\127\213\166\204\177\072\160\271}{section.7}% 28
\BOOKMARK [1][]{section*.18}{\376\377\123\302\200\003\145\207\163\056}{}% 29
\BOOKMARK [1][]{appendix.a.A}{\376\377\226\104\137\125\000\040\000A\000\040\116\343\170\001\145\207\116\366\122\027\210\150}{}% 30
\BOOKMARK [1][]{appendix.a.B}{\376\377\226\104\137\125\000\040\000B\000\040\116\343\170\001}{}% 31
